<?xml version="1.0" encoding="UTF-8"?>
<testsuite name="kr.co.fastcampus.eatgo.application.ReviewServiceTests" tests="1" skipped="0" failures="0" errors="0" timestamp="2020-02-02T04:40:12" hostname="DESKTOP-0K8LT1G" time="0.041">
  <properties/>
  <testcase name="addReview()" classname="kr.co.fastcampus.eatgo.application.ReviewServiceTests" time="0.041"/>
  <system-out><![CDATA[]]></system-out>
  <system-err><![CDATA[]]></system-err>
</testsuite>
