<?xml version="1.0" encoding="UTF-8"?>
<testsuite name="kr.co.fastcampus.eatgo.domain.RestaurantTests" tests="2" skipped="0" failures="0" errors="0" timestamp="2020-02-02T04:40:12" hostname="DESKTOP-0K8LT1G" time="0.002">
  <properties/>
  <testcase name="creation()" classname="kr.co.fastcampus.eatgo.domain.RestaurantTests" time="0.001"/>
  <testcase name="information()" classname="kr.co.fastcampus.eatgo.domain.RestaurantTests" time="0.001"/>
  <system-out><![CDATA[]]></system-out>
  <system-err><![CDATA[]]></system-err>
</testsuite>
