<?xml version="1.0" encoding="UTF-8"?>
<testsuite name="kr.co.fastcampus.eatgo.EatgoApplicationTests" tests="1" skipped="0" failures="0" errors="0" timestamp="2020-02-02T04:40:11" hostname="DESKTOP-0K8LT1G" time="0.216">
  <properties/>
  <testcase name="contextLoads()" classname="kr.co.fastcampus.eatgo.EatgoApplicationTests" time="0.216"/>
  <system-out><![CDATA[13:40:02.054 [Test worker] DEBUG org.springframework.test.context.BootstrapUtils - Instantiating CacheAwareContextLoaderDelegate from class [org.springframework.test.context.cache.DefaultCacheAwareContextLoaderDelegate]
13:40:02.085 [Test worker] DEBUG org.springframework.test.context.BootstrapUtils - Instantiating BootstrapContext using constructor [public org.springframework.test.context.support.DefaultBootstrapContext(java.lang.Class,org.springframework.test.context.CacheAwareContextLoaderDelegate)]
13:40:02.116 [Test worker] DEBUG org.springframework.test.context.BootstrapUtils - Instantiating TestContextBootstrapper for test class [kr.co.fastcampus.eatgo.EatgoApplicationTests] from class [org.springframework.boot.test.context.SpringBootTestContextBootstrapper]
13:40:02.148 [Test worker] INFO org.springframework.boot.test.context.SpringBootTestContextBootstrapper - Neither @ContextConfiguration nor @ContextHierarchy found for test class [kr.co.fastcampus.eatgo.EatgoApplicationTests], using SpringBootContextLoader
13:40:02.148 [Test worker] DEBUG org.springframework.test.context.support.AbstractContextLoader - Did not detect default resource location for test class [kr.co.fastcampus.eatgo.EatgoApplicationTests]: class path resource [kr/co/fastcampus/eatgo/EatgoApplicationTests-context.xml] does not exist
13:40:02.148 [Test worker] DEBUG org.springframework.test.context.support.AbstractContextLoader - Did not detect default resource location for test class [kr.co.fastcampus.eatgo.EatgoApplicationTests]: class path resource [kr/co/fastcampus/eatgo/EatgoApplicationTestsContext.groovy] does not exist
13:40:02.148 [Test worker] INFO org.springframework.test.context.support.AbstractContextLoader - Could not detect default resource locations for test class [kr.co.fastcampus.eatgo.EatgoApplicationTests]: no resource found for suffixes {-context.xml, Context.groovy}.
13:40:02.148 [Test worker] INFO org.springframework.test.context.support.AnnotationConfigContextLoaderUtils - Could not detect default configuration classes for test class [kr.co.fastcampus.eatgo.EatgoApplicationTests]: EatgoApplicationTests does not declare any static, non-private, non-final, nested classes annotated with @Configuration.
13:40:02.210 [Test worker] DEBUG org.springframework.test.context.support.ActiveProfilesUtils - Could not find an 'annotation declaring class' for annotation type [org.springframework.test.context.ActiveProfiles] and class [kr.co.fastcampus.eatgo.EatgoApplicationTests]
13:40:02.319 [Test worker] DEBUG org.springframework.context.annotation.ClassPathScanningCandidateComponentProvider - Identified candidate component class: file [D:\GitHubProject\eatgo\eatgo-api\build\classes\java\main\kr\co\fastcampus\eatgo\EatgoApplication.class]
13:40:02.319 [Test worker] INFO org.springframework.boot.test.context.SpringBootTestContextBootstrapper - Found @SpringBootConfiguration kr.co.fastcampus.eatgo.EatgoApplication for test class kr.co.fastcampus.eatgo.EatgoApplicationTests
13:40:02.476 [Test worker] DEBUG org.springframework.boot.test.context.SpringBootTestContextBootstrapper - @TestExecutionListeners is not present for class [kr.co.fastcampus.eatgo.EatgoApplicationTests]: using defaults.
13:40:02.491 [Test worker] INFO org.springframework.boot.test.context.SpringBootTestContextBootstrapper - Loaded default TestExecutionListener class names from location [META-INF/spring.factories]: [org.springframework.boot.test.autoconfigure.restdocs.RestDocsTestExecutionListener, org.springframework.boot.test.autoconfigure.web.client.MockRestServiceServerResetTestExecutionListener, org.springframework.boot.test.autoconfigure.web.servlet.MockMvcPrintOnlyOnFailureTestExecutionListener, org.springframework.boot.test.autoconfigure.web.servlet.WebDriverTestExecutionListener, org.springframework.boot.test.mock.mockito.MockitoTestExecutionListener, org.springframework.boot.test.mock.mockito.ResetMocksTestExecutionListener, org.springframework.test.context.web.ServletTestExecutionListener, org.springframework.test.context.support.DirtiesContextBeforeModesTestExecutionListener, org.springframework.test.context.support.DependencyInjectionTestExecutionListener, org.springframework.test.context.support.DirtiesContextTestExecutionListener, org.springframework.test.context.transaction.TransactionalTestExecutionListener, org.springframework.test.context.jdbc.SqlScriptsTestExecutionListener, org.springframework.test.context.event.EventPublishingTestExecutionListener]
13:40:02.522 [Test worker] INFO org.springframework.boot.test.context.SpringBootTestContextBootstrapper - Using TestExecutionListeners: [org.springframework.test.context.web.ServletTestExecutionListener@43553e9b, org.springframework.test.context.support.DirtiesContextBeforeModesTestExecutionListener@3fc8a180, org.springframework.boot.test.mock.mockito.MockitoTestExecutionListener@8332672, org.springframework.boot.test.autoconfigure.SpringBootDependencyInjectionTestExecutionListener@5dd3e189, org.springframework.test.context.support.DirtiesContextTestExecutionListener@3718ad4e, org.springframework.test.context.transaction.TransactionalTestExecutionListener@4d26ce8c, org.springframework.test.context.jdbc.SqlScriptsTestExecutionListener@5c3761ec, org.springframework.test.context.event.EventPublishingTestExecutionListener@1e2a0c4a, org.springframework.boot.test.autoconfigure.restdocs.RestDocsTestExecutionListener@6caaa01c, org.springframework.boot.test.autoconfigure.web.client.MockRestServiceServerResetTestExecutionListener@170341ab, org.springframework.boot.test.autoconfigure.web.servlet.MockMvcPrintOnlyOnFailureTestExecutionListener@705c7aa6, org.springframework.boot.test.autoconfigure.web.servlet.WebDriverTestExecutionListener@3e5a60bb, org.springframework.boot.test.mock.mockito.ResetMocksTestExecutionListener@7498d2c]
13:40:02.538 [Test worker] DEBUG org.springframework.test.context.support.AbstractDirtiesContextTestExecutionListener - Before test class: context [DefaultTestContext@605a1687 testClass = EatgoApplicationTests, testInstance = [null], testMethod = [null], testException = [null], mergedContextConfiguration = [WebMergedContextConfiguration@32e283ee testClass = EatgoApplicationTests, locations = '{}', classes = '{class kr.co.fastcampus.eatgo.EatgoApplication}', contextInitializerClasses = '[]', activeProfiles = '{}', propertySourceLocations = '{}', propertySourceProperties = '{org.springframework.boot.test.context.SpringBootTestContextBootstrapper=true}', contextCustomizers = set[org.springframework.boot.test.autoconfigure.properties.PropertyMappingContextCustomizer@0, org.springframework.boot.test.autoconfigure.web.servlet.WebDriverContextCustomizerFactory$Customizer@171d597e, org.springframework.boot.test.context.filter.ExcludeFilterContextCustomizer@e56a469, org.springframework.boot.test.json.DuplicateJsonObjectContextCustomizerFactory$DuplicateJsonObjectContextCustomizer@63f88a49, org.springframework.boot.test.mock.mockito.MockitoContextCustomizer@0, org.springframework.boot.test.web.client.TestRestTemplateContextCustomizer@4d906f7b], resourceBasePath = 'src/main/webapp', contextLoader = 'org.springframework.boot.test.context.SpringBootContextLoader', parent = [null]], attributes = map['org.springframework.test.context.web.ServletTestExecutionListener.activateListener' -> true]], class annotated with @DirtiesContext [false] with mode [null].
13:40:02.585 [Test worker] DEBUG org.springframework.test.context.support.TestPropertySourceUtils - Adding inlined properties to environment: {spring.jmx.enabled=false, org.springframework.boot.test.context.SpringBootTestContextBootstrapper=true, server.port=-1}

  .   ____          _            __ _ _
 /\\ / ___'_ __ _ _(_)_ __  __ _ \ \ \ \
( ( )\___ | '_ | '_| | '_ \/ _` | \ \ \ \
 \\/  ___)| |_)| | | | | || (_| |  ) ) ) )
  '  |____| .__|_| |_|_| |_\__, | / / / /
 =========|_|==============|___/=/_/_/_/
 :: Spring Boot ::        (v2.2.2.RELEASE)

2020-02-02 13:40:03.132  INFO 6808 --- [    Test worker] k.c.f.eatgo.EatgoApplicationTests        : Starting EatgoApplicationTests on DESKTOP-0K8LT1G with PID 6808 (started by JiHoon in D:\GitHubProject\eatgo\eatgo-api)
2020-02-02 13:40:03.147  INFO 6808 --- [    Test worker] k.c.f.eatgo.EatgoApplicationTests        : No active profile set, falling back to default profiles: default
2020-02-02 13:40:04.522  INFO 6808 --- [    Test worker] .s.d.r.c.RepositoryConfigurationDelegate : Bootstrapping Spring Data JPA repositories in DEFAULT mode.
2020-02-02 13:40:04.706  INFO 6808 --- [    Test worker] .s.d.r.c.RepositoryConfigurationDelegate : Finished Spring Data repository scanning in 167ms. Found 3 JPA repository interfaces.
2020-02-02 13:40:05.368  INFO 6808 --- [    Test worker] trationDelegate$BeanPostProcessorChecker : Bean 'org.springframework.transaction.annotation.ProxyTransactionManagementConfiguration' of type [org.springframework.transaction.annotation.ProxyTransactionManagementConfiguration] is not eligible for getting processed by all BeanPostProcessors (for example: not eligible for auto-proxying)
2020-02-02 13:40:05.903  INFO 6808 --- [    Test worker] com.zaxxer.hikari.HikariDataSource       : HikariPool-1 - Starting...
2020-02-02 13:40:06.231  INFO 6808 --- [    Test worker] com.zaxxer.hikari.HikariDataSource       : HikariPool-1 - Start completed.
2020-02-02 13:40:06.388  INFO 6808 --- [    Test worker] o.hibernate.jpa.internal.util.LogHelper  : HHH000204: Processing PersistenceUnitInfo [name: default]
2020-02-02 13:40:06.599  INFO 6808 --- [    Test worker] org.hibernate.Version                    : HHH000412: Hibernate Core {5.4.9.Final}
2020-02-02 13:40:06.896  INFO 6808 --- [    Test worker] o.hibernate.annotations.common.Version   : HCANN000001: Hibernate Commons Annotations {5.1.0.Final}
2020-02-02 13:40:07.245  INFO 6808 --- [    Test worker] org.hibernate.dialect.Dialect            : HHH000400: Using dialect: org.hibernate.dialect.H2Dialect
2020-02-02 13:40:08.722  INFO 6808 --- [    Test worker] o.h.e.t.j.p.i.JtaPlatformInitiator       : HHH000490: Using JtaPlatform implementation: [org.hibernate.engine.transaction.jta.platform.internal.NoJtaPlatform]
2020-02-02 13:40:08.722  INFO 6808 --- [    Test worker] j.LocalContainerEntityManagerFactoryBean : Initialized JPA EntityManagerFactory for persistence unit 'default'
2020-02-02 13:40:09.988  WARN 6808 --- [    Test worker] JpaBaseConfiguration$JpaWebConfiguration : spring.jpa.open-in-view is enabled by default. Therefore, database queries may be performed during view rendering. Explicitly configure spring.jpa.open-in-view to disable this warning
2020-02-02 13:40:10.862  INFO 6808 --- [    Test worker] o.s.s.concurrent.ThreadPoolTaskExecutor  : Initializing ExecutorService 'applicationTaskExecutor'
2020-02-02 13:40:11.753  INFO 6808 --- [    Test worker] k.c.f.eatgo.EatgoApplicationTests        : Started EatgoApplicationTests in 9.153 seconds (JVM running for 11.976)
]]></system-out>
  <system-err><![CDATA[]]></system-err>
</testsuite>
