<?xml version="1.0" encoding="UTF-8"?>
<testsuite name="kr.co.fastcampus.eatgo.application.RestaurantServiceTests" tests="5" skipped="0" failures="0" errors="0" timestamp="2020-02-02T04:40:12" hostname="DESKTOP-0K8LT1G" time="0.088">
  <properties/>
  <testcase name="addRestaurant()" classname="kr.co.fastcampus.eatgo.application.RestaurantServiceTests" time="0.07"/>
  <testcase name="getRestaurantWithNotExisted()" classname="kr.co.fastcampus.eatgo.application.RestaurantServiceTests" time="0.002"/>
  <testcase name="getRestaurantWithExisted()" classname="kr.co.fastcampus.eatgo.application.RestaurantServiceTests" time="0.003"/>
  <testcase name="getRestaurants()" classname="kr.co.fastcampus.eatgo.application.RestaurantServiceTests" time="0.003"/>
  <testcase name="updateRestaurant()" classname="kr.co.fastcampus.eatgo.application.RestaurantServiceTests" time="0.004"/>
  <system-out><![CDATA[]]></system-out>
  <system-err><![CDATA[]]></system-err>
</testsuite>
