<?xml version="1.0" encoding="UTF-8"?>
<testsuite name="kr.co.fastcampus.eatgo.interfaces.RestaurantControllerTests" tests="8" skipped="0" failures="0" errors="0" timestamp="2020-02-02T04:40:16" hostname="DESKTOP-0K8LT1G" time="0.369">
  <properties/>
  <testcase name="detail()" classname="kr.co.fastcampus.eatgo.interfaces.RestaurantControllerTests" time="0.076"/>
  <testcase name="createWithInvalidData()" classname="kr.co.fastcampus.eatgo.interfaces.RestaurantControllerTests" time="0.02"/>
  <testcase name="updateWithValidData()" classname="kr.co.fastcampus.eatgo.interfaces.RestaurantControllerTests" time="0.008"/>
  <testcase name="list()" classname="kr.co.fastcampus.eatgo.interfaces.RestaurantControllerTests" time="0.205"/>
  <testcase name="updateWithInvalidData()" classname="kr.co.fastcampus.eatgo.interfaces.RestaurantControllerTests" time="0.007"/>
  <testcase name="detailWithNotExisted()" classname="kr.co.fastcampus.eatgo.interfaces.RestaurantControllerTests" time="0.015"/>
  <testcase name="updateWithoutName()" classname="kr.co.fastcampus.eatgo.interfaces.RestaurantControllerTests" time="0.01"/>
  <testcase name="createWithValidData()" classname="kr.co.fastcampus.eatgo.interfaces.RestaurantControllerTests" time="0.01"/>
  <system-out><![CDATA[2020-02-02 13:40:15.426  INFO 6808 --- [    Test worker] .b.t.a.w.s.WebMvcTestContextBootstrapper : Neither @ContextConfiguration nor @ContextHierarchy found for test class [kr.co.fastcampus.eatgo.interfaces.RestaurantControllerTests], using SpringBootContextLoader
2020-02-02 13:40:15.426  INFO 6808 --- [    Test worker] o.s.t.c.support.AbstractContextLoader    : Could not detect default resource locations for test class [kr.co.fastcampus.eatgo.interfaces.RestaurantControllerTests]: no resource found for suffixes {-context.xml, Context.groovy}.
2020-02-02 13:40:15.426  INFO 6808 --- [    Test worker] t.c.s.AnnotationConfigContextLoaderUtils : Could not detect default configuration classes for test class [kr.co.fastcampus.eatgo.interfaces.RestaurantControllerTests]: RestaurantControllerTests does not declare any static, non-private, non-final, nested classes annotated with @Configuration.
2020-02-02 13:40:15.426  INFO 6808 --- [    Test worker] .b.t.c.SpringBootTestContextBootstrapper : Found @SpringBootConfiguration kr.co.fastcampus.eatgo.EatgoApplication for test class kr.co.fastcampus.eatgo.interfaces.RestaurantControllerTests
2020-02-02 13:40:15.426  INFO 6808 --- [    Test worker] .b.t.a.w.s.WebMvcTestContextBootstrapper : Loaded default TestExecutionListener class names from location [META-INF/spring.factories]: [org.springframework.boot.test.autoconfigure.restdocs.RestDocsTestExecutionListener, org.springframework.boot.test.autoconfigure.web.client.MockRestServiceServerResetTestExecutionListener, org.springframework.boot.test.autoconfigure.web.servlet.MockMvcPrintOnlyOnFailureTestExecutionListener, org.springframework.boot.test.autoconfigure.web.servlet.WebDriverTestExecutionListener, org.springframework.boot.test.mock.mockito.MockitoTestExecutionListener, org.springframework.boot.test.mock.mockito.ResetMocksTestExecutionListener, org.springframework.test.context.web.ServletTestExecutionListener, org.springframework.test.context.support.DirtiesContextBeforeModesTestExecutionListener, org.springframework.test.context.support.DependencyInjectionTestExecutionListener, org.springframework.test.context.support.DirtiesContextTestExecutionListener, org.springframework.test.context.transaction.TransactionalTestExecutionListener, org.springframework.test.context.jdbc.SqlScriptsTestExecutionListener, org.springframework.test.context.event.EventPublishingTestExecutionListener]
2020-02-02 13:40:15.426  INFO 6808 --- [    Test worker] .b.t.a.w.s.WebMvcTestContextBootstrapper : Using TestExecutionListeners: [org.springframework.test.context.web.ServletTestExecutionListener@7c7a2dc4, org.springframework.test.context.support.DirtiesContextBeforeModesTestExecutionListener@3d226418, org.springframework.boot.test.mock.mockito.MockitoTestExecutionListener@4a4298ef, org.springframework.boot.test.autoconfigure.SpringBootDependencyInjectionTestExecutionListener@156b64bd, org.springframework.test.context.support.DirtiesContextTestExecutionListener@38d27fd9, org.springframework.test.context.transaction.TransactionalTestExecutionListener@167ece7f, org.springframework.test.context.jdbc.SqlScriptsTestExecutionListener@4825a9bf, org.springframework.test.context.event.EventPublishingTestExecutionListener@625728a, org.springframework.boot.test.autoconfigure.restdocs.RestDocsTestExecutionListener@2d22f920, org.springframework.boot.test.autoconfigure.web.client.MockRestServiceServerResetTestExecutionListener@4dcfd7cd, org.springframework.boot.test.autoconfigure.web.servlet.MockMvcPrintOnlyOnFailureTestExecutionListener@2842e79a, org.springframework.boot.test.autoconfigure.web.servlet.WebDriverTestExecutionListener@55e613a, org.springframework.boot.test.mock.mockito.ResetMocksTestExecutionListener@3f0f7348]

  .   ____          _            __ _ _
 /\\ / ___'_ __ _ _(_)_ __  __ _ \ \ \ \
( ( )\___ | '_ | '_| | '_ \/ _` | \ \ \ \
 \\/  ___)| |_)| | | | | || (_| |  ) ) ) )
  '  |____| .__|_| |_|_| |_\__, | / / / /
 =========|_|==============|___/=/_/_/_/
 :: Spring Boot ::        (v2.2.2.RELEASE)

2020-02-02 13:40:15.520  INFO 6808 --- [    Test worker] k.c.f.e.i.RestaurantControllerTests      : Starting RestaurantControllerTests on DESKTOP-0K8LT1G with PID 6808 (started by JiHoon in D:\GitHubProject\eatgo\eatgo-api)
2020-02-02 13:40:15.535  INFO 6808 --- [    Test worker] k.c.f.e.i.RestaurantControllerTests      : No active profile set, falling back to default profiles: default
2020-02-02 13:40:16.238  INFO 6808 --- [    Test worker] o.s.s.concurrent.ThreadPoolTaskExecutor  : Initializing ExecutorService 'applicationTaskExecutor'
2020-02-02 13:40:16.551  INFO 6808 --- [    Test worker] o.s.b.t.m.w.SpringBootMockServletContext : Initializing Spring TestDispatcherServlet ''
2020-02-02 13:40:16.566  INFO 6808 --- [    Test worker] o.s.t.web.servlet.TestDispatcherServlet  : Initializing Servlet ''
2020-02-02 13:40:16.582  INFO 6808 --- [    Test worker] o.s.t.web.servlet.TestDispatcherServlet  : Completed initialization in 16 ms
2020-02-02 13:40:16.597  INFO 6808 --- [    Test worker] k.c.f.e.i.RestaurantControllerTests      : Started RestaurantControllerTests in 1.156 seconds (JVM running for 16.819)
2020-02-02 13:40:16.707  WARN 6808 --- [    Test worker] .w.s.m.s.DefaultHandlerExceptionResolver : Resolved [org.springframework.web.bind.MethodArgumentNotValidException: Validation failed for argument [0] in public org.springframework.http.ResponseEntity<?> kr.co.fastcampus.eatgo.interfaces.RestaurantController.create(kr.co.fastcampus.eatgo.domain.Restaurant) throws java.net.URISyntaxException with 2 errors: [Field error in object 'restaurant' on field 'address': rejected value []; codes [NotEmpty.restaurant.address,NotEmpty.address,NotEmpty.java.lang.String,NotEmpty]; arguments [org.springframework.context.support.DefaultMessageSourceResolvable: codes [restaurant.address,address]; arguments []; default message [address]]; default message [must not be empty]] [Field error in object 'restaurant' on field 'name': rejected value []; codes [NotEmpty.restaurant.name,NotEmpty.name,NotEmpty.java.lang.String,NotEmpty]; arguments [org.springframework.context.support.DefaultMessageSourceResolvable: codes [restaurant.name,name]; arguments []; default message [name]]; default message [must not be empty]] ]

MockHttpServletRequest:
      HTTP Method = GET
      Request URI = /restaurants
       Parameters = {}
          Headers = []
             Body = <no character encoding set>
    Session Attrs = {}

Handler:
             Type = kr.co.fastcampus.eatgo.interfaces.RestaurantController
           Method = kr.co.fastcampus.eatgo.interfaces.RestaurantController#list()

Async:
    Async started = false
     Async result = null

Resolved Exception:
             Type = null

ModelAndView:
        View name = null
             View = null
            Model = null

FlashMap:
       Attributes = null

MockHttpServletResponse:
           Status = 200
    Error message = null
          Headers = [Vary:"Origin", "Access-Control-Request-Method", "Access-Control-Request-Headers", Content-Type:"application/json"]
     Content type = application/json
             Body = [{"id":1004,"name":"JOKER House","address":"Seoul","menuItems":null,"information":"JOKER House in Seoul"}]
    Forwarded URL = null
   Redirected URL = null
          Cookies = []
2020-02-02 13:40:16.925  WARN 6808 --- [    Test worker] .w.s.m.s.DefaultHandlerExceptionResolver : Resolved [org.springframework.web.bind.MethodArgumentNotValidException: Validation failed for argument [1] in public java.lang.String kr.co.fastcampus.eatgo.interfaces.RestaurantController.update(java.lang.Long,kr.co.fastcampus.eatgo.domain.Restaurant) with 2 errors: [Field error in object 'restaurant' on field 'name': rejected value []; codes [NotEmpty.restaurant.name,NotEmpty.name,NotEmpty.java.lang.String,NotEmpty]; arguments [org.springframework.context.support.DefaultMessageSourceResolvable: codes [restaurant.name,name]; arguments []; default message [name]]; default message [must not be empty]] [Field error in object 'restaurant' on field 'address': rejected value []; codes [NotEmpty.restaurant.address,NotEmpty.address,NotEmpty.java.lang.String,NotEmpty]; arguments [org.springframework.context.support.DefaultMessageSourceResolvable: codes [restaurant.address,address]; arguments []; default message [address]]; default message [must not be empty]] ]
2020-02-02 13:40:16.957  WARN 6808 --- [    Test worker] .w.s.m.s.DefaultHandlerExceptionResolver : Resolved [org.springframework.web.bind.MethodArgumentNotValidException: Validation failed for argument [1] in public java.lang.String kr.co.fastcampus.eatgo.interfaces.RestaurantController.update(java.lang.Long,kr.co.fastcampus.eatgo.domain.Restaurant) with 2 errors: [Field error in object 'restaurant' on field 'name': rejected value []; codes [NotEmpty.restaurant.name,NotEmpty.name,NotEmpty.java.lang.String,NotEmpty]; arguments [org.springframework.context.support.DefaultMessageSourceResolvable: codes [restaurant.name,name]; arguments []; default message [name]]; default message [must not be empty]] [Field error in object 'restaurant' on field 'address': rejected value []; codes [NotEmpty.restaurant.address,NotEmpty.address,NotEmpty.java.lang.String,NotEmpty]; arguments [org.springframework.context.support.DefaultMessageSourceResolvable: codes [restaurant.address,address]; arguments []; default message [address]]; default message [must not be empty]] ]
]]></system-out>
  <system-err><![CDATA[]]></system-err>
</testsuite>
