<?xml version="1.0" encoding="UTF-8"?>
<testsuite name="kr.co.fastcampus.eatgo.interfaces.ReviewControllerTests" tests="2" skipped="0" failures="0" errors="0" timestamp="2020-02-02T04:40:15" hostname="DESKTOP-0K8LT1G" time="0.152">
  <properties/>
  <testcase name="createWithValidAttributes()" classname="kr.co.fastcampus.eatgo.interfaces.ReviewControllerTests" time="0.085"/>
  <testcase name="createWithInvalidAttributes()" classname="kr.co.fastcampus.eatgo.interfaces.ReviewControllerTests" time="0.065"/>
  <system-out><![CDATA[2020-02-02 13:40:14.147  INFO 6808 --- [    Test worker] .b.t.a.w.s.WebMvcTestContextBootstrapper : Neither @ContextConfiguration nor @ContextHierarchy found for test class [kr.co.fastcampus.eatgo.interfaces.ReviewControllerTests], using SpringBootContextLoader
2020-02-02 13:40:14.149  INFO 6808 --- [    Test worker] o.s.t.c.support.AbstractContextLoader    : Could not detect default resource locations for test class [kr.co.fastcampus.eatgo.interfaces.ReviewControllerTests]: no resource found for suffixes {-context.xml, Context.groovy}.
2020-02-02 13:40:14.150  INFO 6808 --- [    Test worker] t.c.s.AnnotationConfigContextLoaderUtils : Could not detect default configuration classes for test class [kr.co.fastcampus.eatgo.interfaces.ReviewControllerTests]: ReviewControllerTests does not declare any static, non-private, non-final, nested classes annotated with @Configuration.
2020-02-02 13:40:14.154  INFO 6808 --- [    Test worker] .b.t.c.SpringBootTestContextBootstrapper : Found @SpringBootConfiguration kr.co.fastcampus.eatgo.EatgoApplication for test class kr.co.fastcampus.eatgo.interfaces.ReviewControllerTests
2020-02-02 13:40:14.155  INFO 6808 --- [    Test worker] .b.t.a.w.s.WebMvcTestContextBootstrapper : Loaded default TestExecutionListener class names from location [META-INF/spring.factories]: [org.springframework.boot.test.autoconfigure.restdocs.RestDocsTestExecutionListener, org.springframework.boot.test.autoconfigure.web.client.MockRestServiceServerResetTestExecutionListener, org.springframework.boot.test.autoconfigure.web.servlet.MockMvcPrintOnlyOnFailureTestExecutionListener, org.springframework.boot.test.autoconfigure.web.servlet.WebDriverTestExecutionListener, org.springframework.boot.test.mock.mockito.MockitoTestExecutionListener, org.springframework.boot.test.mock.mockito.ResetMocksTestExecutionListener, org.springframework.test.context.web.ServletTestExecutionListener, org.springframework.test.context.support.DirtiesContextBeforeModesTestExecutionListener, org.springframework.test.context.support.DependencyInjectionTestExecutionListener, org.springframework.test.context.support.DirtiesContextTestExecutionListener, org.springframework.test.context.transaction.TransactionalTestExecutionListener, org.springframework.test.context.jdbc.SqlScriptsTestExecutionListener, org.springframework.test.context.event.EventPublishingTestExecutionListener]
2020-02-02 13:40:14.156  INFO 6808 --- [    Test worker] .b.t.a.w.s.WebMvcTestContextBootstrapper : Using TestExecutionListeners: [org.springframework.test.context.web.ServletTestExecutionListener@532b7305, org.springframework.test.context.support.DirtiesContextBeforeModesTestExecutionListener@1d6b3ab3, org.springframework.boot.test.mock.mockito.MockitoTestExecutionListener@71c69eb, org.springframework.boot.test.autoconfigure.SpringBootDependencyInjectionTestExecutionListener@dc8e191, org.springframework.test.context.support.DirtiesContextTestExecutionListener@5730876, org.springframework.test.context.transaction.TransactionalTestExecutionListener@410914c9, org.springframework.test.context.jdbc.SqlScriptsTestExecutionListener@25be6e32, org.springframework.test.context.event.EventPublishingTestExecutionListener@6f30c77d, org.springframework.boot.test.autoconfigure.restdocs.RestDocsTestExecutionListener@729d4255, org.springframework.boot.test.autoconfigure.web.client.MockRestServiceServerResetTestExecutionListener@7bbbaf93, org.springframework.boot.test.autoconfigure.web.servlet.MockMvcPrintOnlyOnFailureTestExecutionListener@2da29128, org.springframework.boot.test.autoconfigure.web.servlet.WebDriverTestExecutionListener@4440a0ce, org.springframework.boot.test.mock.mockito.ResetMocksTestExecutionListener@5cd7cdf9]

  .   ____          _            __ _ _
 /\\ / ___'_ __ _ _(_)_ __  __ _ \ \ \ \
( ( )\___ | '_ | '_| | '_ \/ _` | \ \ \ \
 \\/  ___)| |_)| | | | | || (_| |  ) ) ) )
  '  |____| .__|_| |_|_| |_\__, | / / / /
 =========|_|==============|___/=/_/_/_/
 :: Spring Boot ::        (v2.2.2.RELEASE)

2020-02-02 13:40:14.215  INFO 6808 --- [    Test worker] k.c.f.e.i.ReviewControllerTests          : Starting ReviewControllerTests on DESKTOP-0K8LT1G with PID 6808 (started by JiHoon in D:\GitHubProject\eatgo\eatgo-api)
2020-02-02 13:40:14.217  INFO 6808 --- [    Test worker] k.c.f.e.i.ReviewControllerTests          : No active profile set, falling back to default profiles: default
2020-02-02 13:40:14.894  INFO 6808 --- [    Test worker] o.s.s.concurrent.ThreadPoolTaskExecutor  : Initializing ExecutorService 'applicationTaskExecutor'
2020-02-02 13:40:15.216  INFO 6808 --- [    Test worker] o.s.b.t.m.w.SpringBootMockServletContext : Initializing Spring TestDispatcherServlet ''
2020-02-02 13:40:15.216  INFO 6808 --- [    Test worker] o.s.t.web.servlet.TestDispatcherServlet  : Initializing Servlet ''
2020-02-02 13:40:15.232  INFO 6808 --- [    Test worker] o.s.t.web.servlet.TestDispatcherServlet  : Completed initialization in 16 ms
2020-02-02 13:40:15.248  INFO 6808 --- [    Test worker] k.c.f.e.i.ReviewControllerTests          : Started ReviewControllerTests in 1.101 seconds (JVM running for 15.475)
2020-02-02 13:40:15.410  WARN 6808 --- [    Test worker] .w.s.m.s.DefaultHandlerExceptionResolver : Resolved [org.springframework.web.bind.MethodArgumentNotValidException: Validation failed for argument [1] in public org.springframework.http.ResponseEntity<?> kr.co.fastcampus.eatgo.interfaces.ReviewController.create(java.lang.Long,kr.co.fastcampus.eatgo.domain.Review) throws java.net.URISyntaxException with 3 errors: [Field error in object 'review' on field 'name': rejected value [null]; codes [NotEmpty.review.name,NotEmpty.name,NotEmpty.java.lang.String,NotEmpty]; arguments [org.springframework.context.support.DefaultMessageSourceResolvable: codes [review.name,name]; arguments []; default message [name]]; default message [must not be empty]] [Field error in object 'review' on field 'score': rejected value [null]; codes [NotNull.review.score,NotNull.score,NotNull.java.lang.Integer,NotNull]; arguments [org.springframework.context.support.DefaultMessageSourceResolvable: codes [review.score,score]; arguments []; default message [score]]; default message [must not be null]] [Field error in object 'review' on field 'description': rejected value [null]; codes [NotEmpty.review.description,NotEmpty.description,NotEmpty.java.lang.String,NotEmpty]; arguments [org.springframework.context.support.DefaultMessageSourceResolvable: codes [review.description,description]; arguments []; default message [description]]; default message [must not be empty]] ]
]]></system-out>
  <system-err><![CDATA[]]></system-err>
</testsuite>
